[2025-12-23 20:48:35] [info] Controller: GET /users - processing request
[2025-12-23 20:48:35] [info] Service: Fetching all users
[2025-12-23 20:48:35] [debug] Fetching all users from db
[2025-12-23 20:48:35] [debug] Fetched 2 users from db
[2025-12-23 20:48:35] [info] Service: Fetched 2 users
[2025-12-23 20:48:35] [info] Controller: GET /users - 200
[2025-12-23 20:48:35] [info] Controller: GET /users/1 - processing request
[2025-12-23 20:48:35] [info] Service: Fetching user 1
[2025-12-23 20:48:35] [debug] Fetching user 1 from db
[2025-12-23 20:48:35] [debug] User {id} fetched from db
[2025-12-23 20:48:35] [info] Service: Fetched user 1
[2025-12-23 20:48:35] [info] Controller: GET /users/1 - 200
[2025-12-23 20:48:35] [info] Controller: GET /users/1 - processing request
[2025-12-23 20:48:35] [info] Service: Fetching user 1
[2025-12-23 20:48:35] [debug] Fetching user 1 from db
[2025-12-23 20:48:35] [warning] User 1 not found in db
[2025-12-23 20:48:35] [info] Service: Fetched user 1
[2025-12-23 20:48:35] [info] Controller: GET /users/1 - 200
[2025-12-23 20:48:35] [info] Controller: POST /users - processing request
[2025-12-23 20:48:35] [info] Service: Creating user Valik age 92 money 45000 visa 1
[2025-12-23 20:48:35] [debug] Adding user Valik age 92 money 45000 visa 1 to db
[2025-12-23 20:48:35] [debug] User 1 added to db
[2025-12-23 20:48:35] [info] Service: Created user 1
[2025-12-23 20:48:35] [info] Controller: POST /users - 201
[2025-12-23 20:48:35] [info] Controller: PATCH /users/1 - processing request
[2025-12-23 20:48:35] [info] Service: Updating user 1 to name Oleg age 52 money 666 visa 
[2025-12-23 20:48:35] [debug] Update user 1 in db to name Oleg age 52 money 666 visa 
[2025-12-23 20:48:35] [debug] User 1 updated in db
[2025-12-23 20:48:35] [info] Service: Updated user 1
[2025-12-23 20:48:35] [info] Controller: PATCH /users/{id} - 200
[2025-12-23 20:48:35] [info] Controller: PATCH /users/1 - processing request
[2025-12-23 20:48:35] [info] Service: Updating user 1 to name Oleg age 52 money 666 visa 
[2025-12-23 20:48:35] [debug] Update user 1 in db to name Oleg age 52 money 666 visa 
[2025-12-23 20:48:35] [warning] User 1 not found in db
[2025-12-23 20:48:35] [info] Controller: PATCH /users/{id} - 404
[2025-12-23 20:48:35] [info] Controller: DELETE /users/1 - processing request
[2025-12-23 20:48:35] [info] Service: Deleting user 1
[2025-12-23 20:48:35] [debug] Deleting user 1 from db
[2025-12-23 20:48:35] [debug] Deleted user 1 from db
[2025-12-23 20:48:35] [info] Service Deleted user 1
[2025-12-23 20:48:35] [info] Controller: DELETE /users/{id} - 204
[2025-12-23 20:48:36] [info] Controller: DELETE /users/1 - processing request
[2025-12-23 20:48:36] [info] Service: Deleting user 1
[2025-12-23 20:48:36] [debug] Deleting user 1 from db
[2025-12-23 20:48:36] [warning] User 1 not found in db
[2025-12-23 20:48:36] [info] Controller: DELETE /users/{id} - 404
[2025-12-23 20:54:51] [debug] Fetching all users from db
[2025-12-23 20:54:51] [debug] Fetched 0 users from db
[2025-12-23 20:54:51] [debug] Adding user Valik age 92 money 45000 visa 1 to db
[2025-12-23 20:54:51] [debug] User 1 added to db
[2025-12-23 20:54:51] [debug] Adding user Seriy age 54 money 3400 visa  to db
[2025-12-23 20:54:51] [debug] User 2 added to db
[2025-12-23 20:54:51] [debug] Fetching all users from db
[2025-12-23 20:54:51] [debug] Fetched 2 users from db
[2025-12-23 20:54:51] [debug] Fetching user 1 from db
[2025-12-23 20:54:51] [debug] User {id} fetched from db
[2025-12-23 20:54:51] [debug] Fetching user 1 from db
[2025-12-23 20:54:51] [debug] User {id} fetched from db
[2025-12-23 20:54:51] [debug] Fetching user 1 from db
[2025-12-23 20:54:51] [debug] User {id} fetched from db
[2025-12-23 20:54:51] [debug] Fetching all users from db
[2025-12-23 20:54:51] [debug] Fetched 0 users from db
[2025-12-23 20:54:51] [debug] Fetching user 1 from db
[2025-12-23 20:54:51] [warning] User 1 not found in db
[2025-12-23 20:54:51] [debug] Fetching all users from db
[2025-12-23 20:54:51] [debug] Fetched 0 users from db
[2025-12-23 20:54:51] [debug] Adding user Nikolay age 55 money 23000 visa 1 to db
[2025-12-23 20:54:51] [debug] User 1 added to db
[2025-12-23 20:54:51] [debug] Fetching user 1 from db
[2025-12-23 20:54:51] [debug] User {id} fetched from db
[2025-12-23 20:54:51] [debug] Fetching user 1 from db
[2025-12-23 20:54:51] [debug] User {id} fetched from db
[2025-12-23 20:54:51] [debug] Fetching user 1 from db
[2025-12-23 20:54:51] [debug] User {id} fetched from db
[2025-12-23 20:54:51] [debug] Fetching all users from db
[2025-12-23 20:54:51] [debug] Fetched 0 users from db
[2025-12-23 20:54:51] [debug] Adding user Valik age 92 money 45000 visa 1 to db
[2025-12-23 20:54:51] [debug] User 1 added to db
[2025-12-23 20:54:51] [debug] Adding user Seriy age 54 money 3400 visa  to db
[2025-12-23 20:54:51] [debug] User 2 added to db
[2025-12-23 20:54:51] [debug] Update user 2 in db to name Sergey age 33 money 6600 visa 1
[2025-12-23 20:54:51] [debug] User 2 updated in db
[2025-12-23 20:54:51] [debug] Fetching user 2 from db
[2025-12-23 20:54:51] [debug] User {id} fetched from db
[2025-12-23 20:54:51] [debug] Fetching user 2 from db
[2025-12-23 20:54:51] [debug] User {id} fetched from db
[2025-12-23 20:54:51] [debug] Fetching user 2 from db
[2025-12-23 20:54:51] [debug] User {id} fetched from db
[2025-12-23 20:54:51] [debug] Fetching all users from db
[2025-12-23 20:54:51] [debug] Fetched 0 users from db
[2025-12-23 20:54:52] [debug] Update user 2 in db to name Sergey age 33 money 6600 visa 1
[2025-12-23 20:54:52] [warning] User 2 not found in db
[2025-12-23 20:54:52] [debug] Fetching all users from db
[2025-12-23 20:54:52] [debug] Fetched 0 users from db
[2025-12-23 20:54:52] [debug] Adding user Valik age 92 money 45000 visa 1 to db
[2025-12-23 20:54:52] [debug] User 1 added to db
[2025-12-23 20:54:52] [debug] Adding user Seriy age 54 money 3400 visa  to db
[2025-12-23 20:54:52] [debug] User 2 added to db
[2025-12-23 20:54:52] [debug] Deleting user 2 from db
[2025-12-23 20:54:52] [debug] Deleted user 2 from db
[2025-12-23 20:54:52] [debug] Fetching user 2 from db
[2025-12-23 20:54:52] [warning] User 2 not found in db
[2025-12-23 20:54:52] [debug] Fetching all users from db
[2025-12-23 20:54:52] [debug] Fetched 0 users from db
[2025-12-23 20:54:52] [debug] Deleting user 2 from db
[2025-12-23 20:54:52] [warning] User 2 not found in db
[2025-12-23 20:54:52] [debug] Fetching all users from db
[2025-12-23 20:54:52] [debug] Fetched 0 users from db
[2025-12-23 20:54:52] [debug] Adding user Nikolay age 55 money 23000 visa 1 to db
[2025-12-23 20:54:52] [debug] User 1 added to db
[2025-12-23 21:04:06] [info] Controller: GET / - processing request
[2025-12-23 21:04:06] [info] Controller: GET / - 200
[2025-12-23 21:04:19] [info] Controller: GET /users - processing request
[2025-12-23 21:04:19] [info] Service: Fetching all users
[2025-12-23 21:04:19] [debug] Fetching all users from db
[2025-12-23 21:04:19] [debug] Fetched 1 users from db
[2025-12-23 21:04:19] [info] Service: Fetched 1 users
[2025-12-23 21:04:19] [info] Controller: GET /users - 200
[2025-12-23 21:04:21] [info] Controller: GET /users - processing request
[2025-12-23 21:04:21] [info] Service: Fetching all users
[2025-12-23 21:04:21] [debug] Fetching all users from db
[2025-12-23 21:04:21] [debug] Fetched 1 users from db
[2025-12-23 21:04:21] [info] Service: Fetched 1 users
[2025-12-23 21:04:21] [info] Controller: GET /users - 200
[2025-12-23 21:09:15] [debug] Fetching all users from db
[2025-12-23 21:09:15] [debug] Fetched 0 users from db
[2025-12-23 21:09:15] [debug] Adding user Valik age 92 money 45000 visa 1 to db
[2025-12-23 21:09:15] [debug] User 1 added to db
[2025-12-23 21:09:15] [debug] Adding user Seriy age 54 money 3400 visa  to db
[2025-12-23 21:09:15] [debug] User 2 added to db
[2025-12-23 21:09:15] [debug] Fetching all users from db
[2025-12-23 21:09:15] [debug] Fetched 2 users from db
[2025-12-23 21:09:15] [debug] Fetching user 1 from db
[2025-12-23 21:09:15] [debug] User {id} fetched from db
[2025-12-23 21:09:15] [debug] Fetching user 1 from db
[2025-12-23 21:09:15] [debug] User {id} fetched from db
[2025-12-23 21:09:15] [debug] Fetching user 1 from db
[2025-12-23 21:09:15] [debug] User {id} fetched from db
[2025-12-23 21:09:15] [debug] Fetching all users from db
[2025-12-23 21:09:15] [debug] Fetched 0 users from db
[2025-12-23 21:09:15] [debug] Fetching user 1 from db
[2025-12-23 21:09:15] [warning] User 1 not found in db
[2025-12-23 21:09:15] [debug] Fetching all users from db
[2025-12-23 21:09:15] [debug] Fetched 0 users from db
[2025-12-23 21:09:15] [debug] Adding user Nikolay age 55 money 23000 visa 1 to db
[2025-12-23 21:09:15] [debug] User 1 added to db
[2025-12-23 21:09:15] [debug] Fetching user 1 from db
[2025-12-23 21:09:15] [debug] User {id} fetched from db
[2025-12-23 21:09:15] [debug] Fetching user 1 from db
[2025-12-23 21:09:15] [debug] User {id} fetched from db
[2025-12-23 21:09:15] [debug] Fetching user 1 from db
[2025-12-23 21:09:15] [debug] User {id} fetched from db
[2025-12-23 21:09:15] [debug] Fetching all users from db
[2025-12-23 21:09:15] [debug] Fetched 0 users from db
[2025-12-23 21:09:15] [debug] Adding user Valik age 92 money 45000 visa 1 to db
[2025-12-23 21:09:15] [debug] User 1 added to db
[2025-12-23 21:09:15] [debug] Adding user Seriy age 54 money 3400 visa  to db
[2025-12-23 21:09:15] [debug] User 2 added to db
[2025-12-23 21:09:15] [debug] Update user 2 in db to name Sergey age 33 money 6600 visa 1
[2025-12-23 21:09:15] [debug] User 2 updated in db
[2025-12-23 21:09:15] [debug] Fetching user 2 from db
[2025-12-23 21:09:15] [debug] User {id} fetched from db
[2025-12-23 21:09:15] [debug] Fetching user 2 from db
[2025-12-23 21:09:15] [debug] User {id} fetched from db
[2025-12-23 21:09:15] [debug] Fetching user 2 from db
[2025-12-23 21:09:15] [debug] User {id} fetched from db
[2025-12-23 21:09:15] [debug] Fetching all users from db
[2025-12-23 21:09:15] [debug] Fetched 0 users from db
[2025-12-23 21:09:15] [debug] Update user 2 in db to name Sergey age 33 money 6600 visa 1
[2025-12-23 21:09:15] [warning] User 2 not found in db
[2025-12-23 21:09:15] [debug] Fetching all users from db
[2025-12-23 21:09:15] [debug] Fetched 0 users from db
[2025-12-23 21:09:15] [debug] Adding user Valik age 92 money 45000 visa 1 to db
[2025-12-23 21:09:15] [debug] User 1 added to db
[2025-12-23 21:09:15] [debug] Adding user Seriy age 54 money 3400 visa  to db
[2025-12-23 21:09:15] [debug] User 2 added to db
[2025-12-23 21:09:15] [debug] Deleting user 2 from db
[2025-12-23 21:09:15] [debug] Deleted user 2 from db
[2025-12-23 21:09:15] [debug] Fetching user 2 from db
[2025-12-23 21:09:15] [warning] User 2 not found in db
[2025-12-23 21:09:15] [debug] Fetching all users from db
[2025-12-23 21:09:15] [debug] Fetched 0 users from db
[2025-12-23 21:09:15] [debug] Deleting user 2 from db
[2025-12-23 21:09:15] [warning] User 2 not found in db
[2025-12-23 21:09:15] [debug] Fetching all users from db
[2025-12-23 21:09:15] [debug] Fetched 0 users from db
[2025-12-23 21:09:15] [debug] Adding user Nikolay age 55 money 23000 visa 1 to db
[2025-12-23 21:09:15] [debug] User 1 added to db
[2025-12-23 21:12:42] [info] Controller: GET /users/1 - processing request
[2025-12-23 21:12:42] [info] Service: Fetching user 1
[2025-12-23 21:12:42] [debug] Fetching user 1 from db
[2025-12-23 21:12:42] [debug] User {id} fetched from db
[2025-12-23 21:12:42] [info] Service: Fetched user 1
[2025-12-23 21:12:42] [info] Controller: GET /users/1 - 200
[2025-12-23 21:12:45] [info] Controller: GET /users/2 - processing request
[2025-12-23 21:12:45] [info] Service: Fetching user 2
[2025-12-23 21:12:45] [debug] Fetching user 2 from db
[2025-12-23 21:12:45] [warning] User 2 not found in db
[2025-12-23 21:12:45] [info] Service: Fetched user 2
[2025-12-23 21:12:45] [info] Controller: GET /users/2 - 200
[2025-12-23 21:12:51] [info] Controller: GET /users/1 - processing request
[2025-12-23 21:12:51] [info] Service: Fetching user 1
[2025-12-23 21:12:51] [debug] Fetching user 1 from db
[2025-12-23 21:12:51] [debug] User {id} fetched from db
[2025-12-23 21:12:51] [info] Service: Fetched user 1
[2025-12-23 21:12:51] [info] Controller: GET /users/1 - 200
[2025-12-23 21:12:58] [info] Controller: GET /users/1 - processing request
[2025-12-23 21:12:58] [info] Service: Fetching user 1
[2025-12-23 21:12:58] [debug] Fetching user 1 from db
[2025-12-23 21:12:58] [debug] User {id} fetched from db
[2025-12-23 21:12:58] [info] Service: Fetched user 1
[2025-12-23 21:12:58] [info] Controller: GET /users/1 - 200
[2025-12-23 21:16:44] [info] Controller: GET /users - processing request
[2025-12-23 21:16:44] [info] Service: Fetching all users
[2025-12-23 21:16:44] [debug] Fetching all users from db
[2025-12-23 21:16:44] [debug] Fetched 12 users from db
[2025-12-23 21:16:44] [info] Service: Fetched 12 users
[2025-12-23 21:16:44] [info] Controller: GET /users - 200
[2025-12-24 09:31:44] [debug] Fetching all users from db
[2025-12-24 09:31:44] [debug] Fetched 0 users from db
[2025-12-24 09:31:44] [debug] Adding user Valik age 92 money 45000 visa 1 to db
[2025-12-24 09:31:44] [debug] User 1 added to db
[2025-12-24 09:31:44] [debug] Adding user Seriy age 54 money 3400 visa  to db
[2025-12-24 09:31:44] [debug] User 2 added to db
[2025-12-24 09:31:44] [debug] Fetching all users from db
[2025-12-24 09:31:44] [debug] Fetched 2 users from db
[2025-12-24 09:31:44] [debug] Fetching user 1 from db
[2025-12-24 09:31:44] [debug] User {id} fetched from db
[2025-12-24 09:31:44] [debug] Fetching user 1 from db
[2025-12-24 09:31:44] [debug] User {id} fetched from db
[2025-12-24 09:31:44] [debug] Fetching user 1 from db
[2025-12-24 09:31:44] [debug] User {id} fetched from db
[2025-12-24 09:31:44] [debug] Fetching all users from db
[2025-12-24 09:31:44] [debug] Fetched 0 users from db
[2025-12-24 09:31:44] [debug] Fetching user 1 from db
[2025-12-24 09:31:44] [warning] User 1 not found in db
[2025-12-24 09:31:44] [debug] Fetching all users from db
[2025-12-24 09:31:44] [debug] Fetched 0 users from db
[2025-12-24 09:31:44] [debug] Adding user Nikolay age 55 money 23000 visa 1 to db
[2025-12-24 09:31:44] [debug] User 1 added to db
[2025-12-24 09:31:44] [debug] Fetching user 1 from db
[2025-12-24 09:31:44] [debug] User {id} fetched from db
[2025-12-24 09:31:44] [debug] Fetching user 1 from db
[2025-12-24 09:31:44] [debug] User {id} fetched from db
[2025-12-24 09:31:44] [debug] Fetching user 1 from db
[2025-12-24 09:31:44] [debug] User {id} fetched from db
[2025-12-24 09:31:44] [debug] Fetching all users from db
[2025-12-24 09:31:44] [debug] Fetched 0 users from db
[2025-12-24 09:31:44] [debug] Adding user Valik age 92 money 45000 visa 1 to db
[2025-12-24 09:31:44] [debug] User 1 added to db
[2025-12-24 09:31:44] [debug] Adding user Seriy age 54 money 3400 visa  to db
[2025-12-24 09:31:44] [debug] User 2 added to db
[2025-12-24 09:31:44] [debug] Update user 2 in db to name Sergey age 33 money 6600 visa 1
[2025-12-24 09:31:44] [debug] User 2 updated in db
[2025-12-24 09:31:44] [debug] Fetching user 2 from db
[2025-12-24 09:31:44] [debug] User {id} fetched from db
[2025-12-24 09:31:44] [debug] Fetching user 2 from db
[2025-12-24 09:31:44] [debug] User {id} fetched from db
[2025-12-24 09:31:44] [debug] Fetching user 2 from db
[2025-12-24 09:31:44] [debug] User {id} fetched from db
[2025-12-24 09:31:44] [debug] Fetching all users from db
[2025-12-24 09:31:44] [debug] Fetched 0 users from db
[2025-12-24 09:31:44] [debug] Update user 2 in db to name Sergey age 33 money 6600 visa 1
[2025-12-24 09:31:44] [warning] User 2 not found in db
[2025-12-24 09:31:44] [debug] Fetching all users from db
[2025-12-24 09:31:44] [debug] Fetched 0 users from db
[2025-12-24 09:31:44] [debug] Adding user Valik age 92 money 45000 visa 1 to db
[2025-12-24 09:31:44] [debug] User 1 added to db
[2025-12-24 09:31:44] [debug] Adding user Seriy age 54 money 3400 visa  to db
[2025-12-24 09:31:44] [debug] User 2 added to db
[2025-12-24 09:31:44] [debug] Deleting user 2 from db
[2025-12-24 09:31:44] [debug] Deleted user 2 from db
[2025-12-24 09:31:44] [debug] Fetching user 2 from db
[2025-12-24 09:31:44] [warning] User 2 not found in db
[2025-12-24 09:31:44] [debug] Fetching all users from db
[2025-12-24 09:31:44] [debug] Fetched 0 users from db
[2025-12-24 09:31:44] [debug] Deleting user 2 from db
[2025-12-24 09:31:44] [warning] User 2 not found in db
[2025-12-24 09:31:44] [debug] Fetching all users from db
[2025-12-24 09:31:44] [debug] Fetched 0 users from db
[2025-12-24 09:31:44] [debug] Adding user Nikolay age 55 money 23000 visa 1 to db
[2025-12-24 09:31:44] [debug] User 1 added to db
[2025-12-24 09:32:43] [info] Controller: GET / - processing request
[2025-12-24 09:32:43] [info] Controller: GET / - 200
[2025-12-24 09:32:46] [info] Controller: GET /users - processing request
[2025-12-24 09:32:46] [info] Service: Fetching all users
[2025-12-24 09:32:46] [debug] Fetching all users from db
[2025-12-24 09:32:46] [debug] Fetched 12 users from db
[2025-12-24 09:32:46] [info] Service: Fetched 12 users
[2025-12-24 09:32:46] [info] Controller: GET /users - 200
[2025-12-24 09:34:37] [info] Controller: GET /users - processing request
[2025-12-24 09:34:37] [info] Service: Fetching all users
[2025-12-24 09:34:37] [debug] Fetching all users from db
[2025-12-24 09:34:37] [debug] Fetched 1 users from db
[2025-12-24 09:34:37] [info] Service: Fetched 1 users
[2025-12-24 09:34:37] [info] Controller: GET /users - 200
[2025-12-24 09:39:35] [debug] Fetching all users from db
[2025-12-24 09:39:35] [debug] Fetched 0 users from db
[2025-12-24 09:39:35] [debug] Adding user Valik age 92 money 45000 visa 1 to db
[2025-12-24 09:39:35] [debug] User 1 added to db
[2025-12-24 09:39:35] [debug] Adding user Seriy age 54 money 3400 visa  to db
[2025-12-24 09:39:35] [debug] User 2 added to db
[2025-12-24 09:39:35] [debug] Fetching all users from db
[2025-12-24 09:39:35] [debug] Fetched 2 users from db
[2025-12-24 09:39:35] [debug] Fetching user 1 from db
[2025-12-24 09:39:35] [debug] User {id} fetched from db
[2025-12-24 09:39:35] [debug] Fetching user 1 from db
[2025-12-24 09:39:35] [debug] User {id} fetched from db
[2025-12-24 09:39:35] [debug] Fetching user 1 from db
[2025-12-24 09:39:35] [debug] User {id} fetched from db
[2025-12-24 09:39:35] [debug] Fetching all users from db
[2025-12-24 09:39:35] [debug] Fetched 0 users from db
[2025-12-24 09:39:35] [debug] Fetching user 1 from db
[2025-12-24 09:39:35] [warning] User 1 not found in db
[2025-12-24 09:39:35] [debug] Fetching all users from db
[2025-12-24 09:39:35] [debug] Fetched 0 users from db
[2025-12-24 09:39:35] [debug] Adding user Nikolay age 55 money 23000 visa 1 to db
[2025-12-24 09:39:35] [debug] User 1 added to db
[2025-12-24 09:39:35] [debug] Fetching user 1 from db
[2025-12-24 09:39:35] [debug] User {id} fetched from db
[2025-12-24 09:39:35] [debug] Fetching user 1 from db
[2025-12-24 09:39:35] [debug] User {id} fetched from db
[2025-12-24 09:39:35] [debug] Fetching user 1 from db
[2025-12-24 09:39:35] [debug] User {id} fetched from db
[2025-12-24 09:39:35] [debug] Fetching all users from db
[2025-12-24 09:39:35] [debug] Fetched 0 users from db
[2025-12-24 09:39:35] [debug] Adding user Valik age 92 money 45000 visa 1 to db
[2025-12-24 09:39:35] [debug] User 1 added to db
[2025-12-24 09:39:35] [debug] Adding user Seriy age 54 money 3400 visa  to db
[2025-12-24 09:39:35] [debug] User 2 added to db
[2025-12-24 09:39:35] [debug] Update user 2 in db to name Sergey age 33 money 6600 visa 1
[2025-12-24 09:39:35] [debug] User 2 updated in db
[2025-12-24 09:39:35] [debug] Fetching user 2 from db
[2025-12-24 09:39:35] [debug] User {id} fetched from db
[2025-12-24 09:39:35] [debug] Fetching user 2 from db
[2025-12-24 09:39:35] [debug] User {id} fetched from db
[2025-12-24 09:39:35] [debug] Fetching user 2 from db
[2025-12-24 09:39:35] [debug] User {id} fetched from db
[2025-12-24 09:39:35] [debug] Fetching all users from db
[2025-12-24 09:39:35] [debug] Fetched 0 users from db
[2025-12-24 09:39:35] [debug] Update user 2 in db to name Sergey age 33 money 6600 visa 1
[2025-12-24 09:39:35] [warning] User 2 not found in db
[2025-12-24 09:39:35] [debug] Fetching all users from db
[2025-12-24 09:39:35] [debug] Fetched 0 users from db
[2025-12-24 09:39:35] [debug] Adding user Valik age 92 money 45000 visa 1 to db
[2025-12-24 09:39:35] [debug] User 1 added to db
[2025-12-24 09:39:35] [debug] Adding user Seriy age 54 money 3400 visa  to db
[2025-12-24 09:39:35] [debug] User 2 added to db
[2025-12-24 09:39:35] [debug] Deleting user 2 from db
[2025-12-24 09:39:35] [debug] Deleted user 2 from db
[2025-12-24 09:39:35] [debug] Fetching user 2 from db
[2025-12-24 09:39:35] [warning] User 2 not found in db
[2025-12-24 09:39:35] [debug] Fetching all users from db
[2025-12-24 09:39:35] [debug] Fetched 0 users from db
[2025-12-24 09:39:35] [debug] Deleting user 2 from db
[2025-12-24 09:39:35] [warning] User 2 not found in db
[2025-12-24 09:39:35] [debug] Fetching all users from db
[2025-12-24 09:39:35] [debug] Fetched 0 users from db
[2025-12-24 09:39:35] [debug] Adding user Nikolay age 55 money 23000 visa 1 to db
[2025-12-24 09:39:35] [debug] User 1 added to db
[2025-12-24 09:45:20] [info] Controller: GET /users - processing request
[2025-12-24 09:45:20] [info] Service: Fetching all users
[2025-12-24 09:45:20] [debug] Fetching all users from db
[2025-12-24 09:45:20] [debug] Fetched 1 users from db
[2025-12-24 09:45:20] [info] Service: Fetched 1 users
[2025-12-24 09:45:20] [info] Controller: GET /users - 200
[2025-12-24 09:52:21] [info] Controller: GET /users - processing request
[2025-12-24 09:52:21] [info] Service: Fetching all users
[2025-12-24 09:52:21] [debug] Fetching all users from db
[2025-12-24 09:52:21] [debug] Fetched 2 users from db
[2025-12-24 09:52:21] [info] Service: Fetched 2 users
[2025-12-24 09:52:21] [info] Controller: GET /users - 200
[2025-12-24 09:52:21] [info] Controller: GET /users/1 - processing request
[2025-12-24 09:52:21] [info] Service: Fetching user 1
[2025-12-24 09:52:21] [debug] Fetching user 1 from db
[2025-12-24 09:52:21] [debug] User {id} fetched from db
[2025-12-24 09:52:21] [info] Service: Fetched user 1
[2025-12-24 09:52:21] [info] Controller: GET /users/1 - 200
[2025-12-24 09:52:21] [info] Controller: GET /users/1 - processing request
[2025-12-24 09:52:21] [info] Service: Fetching user 1
[2025-12-24 09:52:21] [debug] Fetching user 1 from db
[2025-12-24 09:52:21] [warning] User 1 not found in db
[2025-12-24 09:52:21] [info] Service: Fetched user 1
[2025-12-24 09:52:21] [info] Controller: GET /users/1 - 200
[2025-12-24 09:52:21] [info] Controller: POST /users - processing request
[2025-12-24 09:52:21] [info] Service: Creating user Valik age 92 money 45000 visa 1
[2025-12-24 09:52:21] [debug] Adding user Valik age 92 money 45000 visa 1 to db
[2025-12-24 09:52:21] [debug] User 1 added to db
[2025-12-24 09:52:21] [info] Service: Created user 1
[2025-12-24 09:52:21] [info] Controller: POST /users - 201
[2025-12-24 09:52:21] [info] Controller: PATCH /users/1 - processing request
[2025-12-24 09:52:21] [info] Service: Updating user 1 to name Oleg age 52 money 666 visa 
[2025-12-24 09:52:21] [debug] Update user 1 in db to name Oleg age 52 money 666 visa 
[2025-12-24 09:52:21] [debug] User 1 updated in db
[2025-12-24 09:52:21] [info] Service: Updated user 1
[2025-12-24 09:52:21] [info] Controller: PATCH /users/{id} - 200
[2025-12-24 09:52:21] [info] Controller: PATCH /users/1 - processing request
[2025-12-24 09:52:21] [info] Service: Updating user 1 to name Oleg age 52 money 666 visa 
[2025-12-24 09:52:21] [debug] Update user 1 in db to name Oleg age 52 money 666 visa 
[2025-12-24 09:52:21] [warning] User 1 not found in db
[2025-12-24 09:52:21] [info] Controller: PATCH /users/{id} - 404
[2025-12-24 09:52:21] [info] Controller: DELETE /users/1 - processing request
[2025-12-24 09:52:21] [info] Service: Deleting user 1
[2025-12-24 09:52:21] [debug] Deleting user 1 from db
[2025-12-24 09:52:21] [debug] Deleted user 1 from db
[2025-12-24 09:52:21] [info] Service Deleted user 1
[2025-12-24 09:52:21] [info] Controller: DELETE /users/{id} - 204
[2025-12-24 09:52:22] [info] Controller: DELETE /users/1 - processing request
[2025-12-24 09:52:22] [info] Service: Deleting user 1
[2025-12-24 09:52:22] [debug] Deleting user 1 from db
[2025-12-24 09:52:22] [warning] User 1 not found in db
[2025-12-24 09:52:22] [info] Controller: DELETE /users/{id} - 404
[2025-12-24 09:52:27] [debug] Fetching all users from db
[2025-12-24 09:52:27] [debug] Fetched 0 users from db
[2025-12-24 09:52:27] [debug] Adding user Valik age 92 money 45000 visa 1 to db
[2025-12-24 09:52:27] [debug] User 1 added to db
[2025-12-24 09:52:27] [debug] Adding user Seriy age 54 money 3400 visa  to db
[2025-12-24 09:52:27] [debug] User 2 added to db
[2025-12-24 09:52:27] [debug] Fetching all users from db
[2025-12-24 09:52:27] [debug] Fetched 2 users from db
[2025-12-24 09:52:27] [debug] Fetching user 1 from db
[2025-12-24 09:52:27] [debug] User {id} fetched from db
[2025-12-24 09:52:27] [debug] Fetching user 1 from db
[2025-12-24 09:52:27] [debug] User {id} fetched from db
[2025-12-24 09:52:27] [debug] Fetching user 1 from db
[2025-12-24 09:52:27] [debug] User {id} fetched from db
[2025-12-24 09:52:27] [debug] Fetching all users from db
[2025-12-24 09:52:27] [debug] Fetched 0 users from db
[2025-12-24 09:52:27] [debug] Fetching user 1 from db
[2025-12-24 09:52:27] [warning] User 1 not found in db
[2025-12-24 09:52:27] [debug] Fetching all users from db
[2025-12-24 09:52:27] [debug] Fetched 0 users from db
[2025-12-24 09:52:27] [debug] Adding user Nikolay age 55 money 23000 visa 1 to db
[2025-12-24 09:52:27] [debug] User 1 added to db
[2025-12-24 09:52:27] [debug] Fetching user 1 from db
[2025-12-24 09:52:27] [debug] User {id} fetched from db
[2025-12-24 09:52:27] [debug] Fetching user 1 from db
[2025-12-24 09:52:27] [debug] User {id} fetched from db
[2025-12-24 09:52:27] [debug] Fetching user 1 from db
[2025-12-24 09:52:27] [debug] User {id} fetched from db
[2025-12-24 09:52:27] [debug] Fetching all users from db
[2025-12-24 09:52:27] [debug] Fetched 0 users from db
[2025-12-24 09:52:27] [debug] Adding user Valik age 92 money 45000 visa 1 to db
[2025-12-24 09:52:27] [debug] User 1 added to db
[2025-12-24 09:52:27] [debug] Adding user Seriy age 54 money 3400 visa  to db
[2025-12-24 09:52:27] [debug] User 2 added to db
[2025-12-24 09:52:27] [debug] Update user 2 in db to name Sergey age 33 money 6600 visa 1
[2025-12-24 09:52:27] [debug] User 2 updated in db
[2025-12-24 09:52:27] [debug] Fetching user 2 from db
[2025-12-24 09:52:27] [debug] User {id} fetched from db
[2025-12-24 09:52:27] [debug] Fetching user 2 from db
[2025-12-24 09:52:27] [debug] User {id} fetched from db
[2025-12-24 09:52:27] [debug] Fetching user 2 from db
[2025-12-24 09:52:27] [debug] User {id} fetched from db
[2025-12-24 09:52:27] [debug] Fetching all users from db
[2025-12-24 09:52:27] [debug] Fetched 0 users from db
[2025-12-24 09:52:27] [debug] Update user 2 in db to name Sergey age 33 money 6600 visa 1
[2025-12-24 09:52:27] [warning] User 2 not found in db
[2025-12-24 09:52:27] [debug] Fetching all users from db
[2025-12-24 09:52:27] [debug] Fetched 0 users from db
[2025-12-24 09:52:27] [debug] Adding user Valik age 92 money 45000 visa 1 to db
[2025-12-24 09:52:27] [debug] User 1 added to db
[2025-12-24 09:52:27] [debug] Adding user Seriy age 54 money 3400 visa  to db
[2025-12-24 09:52:27] [debug] User 2 added to db
[2025-12-24 09:52:27] [debug] Deleting user 2 from db
[2025-12-24 09:52:27] [debug] Deleted user 2 from db
[2025-12-24 09:52:27] [debug] Fetching user 2 from db
[2025-12-24 09:52:27] [warning] User 2 not found in db
[2025-12-24 09:52:27] [debug] Fetching all users from db
[2025-12-24 09:52:27] [debug] Fetched 0 users from db
[2025-12-24 09:52:27] [debug] Deleting user 2 from db
[2025-12-24 09:52:27] [warning] User 2 not found in db
[2025-12-24 09:52:27] [debug] Fetching all users from db
[2025-12-24 09:52:27] [debug] Fetched 0 users from db
[2025-12-24 09:52:27] [debug] Adding user Nikolay age 55 money 23000 visa 1 to db
[2025-12-24 09:52:27] [debug] User 1 added to db
[2025-12-24 09:58:00] [info] Controller: GET /users - processing request
[2025-12-24 09:58:00] [info] Service: Fetching all users
[2025-12-24 09:58:00] [debug] Fetching all users from db
[2025-12-24 09:58:00] [debug] Fetched 12 users from db
[2025-12-24 09:58:00] [info] Service: Fetched 12 users
[2025-12-24 09:58:00] [info] Controller: GET /users - 200
[2025-12-24 09:59:01] [info] Controller: GET /users - processing request
[2025-12-24 09:59:01] [info] Service: Fetching all users
[2025-12-24 09:59:01] [debug] Fetching all users from db
[2025-12-24 09:59:01] [debug] Fetched 12 users from db
[2025-12-24 09:59:01] [info] Service: Fetched 12 users
[2025-12-24 09:59:01] [info] Controller: GET /users - 200
[2025-12-24 09:59:02] [info] Controller: GET /users - processing request
[2025-12-24 09:59:02] [info] Service: Fetching all users
[2025-12-24 09:59:02] [debug] Fetching all users from db
[2025-12-24 09:59:02] [debug] Fetched 12 users from db
[2025-12-24 09:59:02] [info] Service: Fetched 12 users
[2025-12-24 09:59:02] [info] Controller: GET /users - 200
[2025-12-24 09:59:10] [info] Controller: GET /users - processing request
[2025-12-24 09:59:10] [info] Service: Fetching all users
[2025-12-24 09:59:10] [debug] Fetching all users from db
[2025-12-24 09:59:10] [debug] Fetched 0 users from db
[2025-12-24 09:59:10] [info] Service: Fetched 0 users
[2025-12-24 09:59:10] [info] Controller: GET /users - 200
[2025-12-24 09:59:21] [info] Controller: GET /users - processing request
[2025-12-24 09:59:21] [info] Service: Fetching all users
[2025-12-24 09:59:21] [debug] Fetching all users from db
[2025-12-24 09:59:21] [debug] Fetched 3 users from db
[2025-12-24 09:59:21] [info] Service: Fetched 3 users
[2025-12-24 09:59:21] [info] Controller: GET /users - 200
[2025-12-24 10:00:27] [info] Controller: GET /users - processing request
[2025-12-24 10:00:27] [info] Service: Fetching all users
[2025-12-24 10:00:27] [debug] Fetching all users from db
[2025-12-24 10:00:27] [debug] Fetched 3 users from db
[2025-12-24 10:00:27] [info] Service: Fetched 3 users
[2025-12-24 10:00:27] [info] Controller: GET /users - 200
[2025-12-24 10:00:27] [info] Controller: GET /users/1 - processing request
[2025-12-24 10:00:27] [info] Service: Fetching user 1
[2025-12-24 10:00:27] [debug] Fetching user 1 from db
[2025-12-24 10:00:27] [warning] User 1 not found in db
[2025-12-24 10:00:27] [info] Service: Fetched user 1
[2025-12-24 10:00:27] [info] Controller: GET /users/1 - 200
[2025-12-24 10:00:27] [info] Controller: GET /users/1 - processing request
[2025-12-24 10:00:27] [info] Service: Fetching user 1
[2025-12-24 10:00:27] [debug] Fetching user 1 from db
[2025-12-24 10:00:27] [warning] User 1 not found in db
[2025-12-24 10:00:27] [info] Service: Fetched user 1
[2025-12-24 10:00:27] [info] Controller: GET /users/1 - 200
[2025-12-24 10:00:28] [info] Controller: POST /users - processing request
[2025-12-24 10:00:28] [info] Service: Creating user Valik age 92 money 45000 visa 1
[2025-12-24 10:00:28] [debug] Adding user Valik age 92 money 45000 visa 1 to db
[2025-12-24 10:00:28] [debug] User 16 added to db
[2025-12-24 10:00:28] [info] Service: Created user 16
[2025-12-24 10:00:28] [info] Controller: POST /users - 201
[2025-12-24 10:00:28] [info] Controller: PATCH /users/1 - processing request
[2025-12-24 10:00:28] [info] Service: Updating user 1 to name Oleg age 52 money 666 visa 
[2025-12-24 10:00:28] [debug] Update user 1 in db to name Oleg age 52 money 666 visa 
[2025-12-24 10:00:28] [warning] User 1 not found in db
[2025-12-24 10:00:28] [info] Controller: PATCH /users/{id} - 404
[2025-12-24 10:00:28] [info] Controller: PATCH /users/1 - processing request
[2025-12-24 10:00:28] [info] Service: Updating user 1 to name Oleg age 52 money 666 visa 
[2025-12-24 10:00:28] [debug] Update user 1 in db to name Oleg age 52 money 666 visa 
[2025-12-24 10:00:28] [warning] User 1 not found in db
[2025-12-24 10:00:28] [info] Controller: PATCH /users/{id} - 404
[2025-12-24 10:00:28] [info] Controller: DELETE /users/1 - processing request
[2025-12-24 10:00:28] [info] Service: Deleting user 1
[2025-12-24 10:00:28] [debug] Deleting user 1 from db
[2025-12-24 10:00:28] [warning] User 1 not found in db
[2025-12-24 10:00:28] [info] Controller: DELETE /users/{id} - 404
[2025-12-24 10:00:48] [info] Controller: GET /users - processing request
[2025-12-24 10:00:48] [info] Service: Fetching all users
[2025-12-24 10:00:48] [debug] Fetching all users from db
[2025-12-24 10:00:48] [debug] Fetched 4 users from db
[2025-12-24 10:00:48] [info] Service: Fetched 4 users
[2025-12-24 10:00:48] [info] Controller: GET /users - 200
[2025-12-24 10:01:20] [info] Controller: GET /users - processing request
[2025-12-24 10:01:20] [info] Service: Fetching all users
[2025-12-24 10:01:20] [debug] Fetching all users from db
[2025-12-24 10:01:28] [debug] Fetched 2 users from db
[2025-12-24 10:01:28] [info] Service: Fetched 2 users
[2025-12-24 10:01:28] [info] Controller: GET /users - 200
[2025-12-24 10:01:31] [info] Controller: GET /users - processing request
[2025-12-24 10:01:31] [info] Service: Fetching all users
[2025-12-24 10:01:31] [debug] Fetching all users from db
[2025-12-24 10:01:31] [debug] Fetched 2 users from db
[2025-12-24 10:01:31] [info] Service: Fetched 2 users
[2025-12-24 10:01:31] [info] Controller: GET /users - 200
[2025-12-24 10:01:35] [info] Controller: GET /users - processing request
[2025-12-24 10:01:35] [info] Service: Fetching all users
[2025-12-24 10:01:35] [debug] Fetching all users from db
[2025-12-24 10:01:35] [debug] Fetched 2 users from db
[2025-12-24 10:01:35] [info] Service: Fetched 2 users
[2025-12-24 10:01:35] [info] Controller: GET /users - 200
[2025-12-24 10:01:35] [info] Controller: GET /users/1 - processing request
[2025-12-24 10:01:35] [info] Service: Fetching user 1
[2025-12-24 10:01:35] [debug] Fetching user 1 from db
[2025-12-24 10:01:35] [debug] User {id} fetched from db
[2025-12-24 10:01:35] [info] Service: Fetched user 1
[2025-12-24 10:01:35] [info] Controller: GET /users/1 - 200
[2025-12-24 10:01:35] [info] Controller: GET /users/1 - processing request
[2025-12-24 10:01:35] [info] Service: Fetching user 1
[2025-12-24 10:01:35] [debug] Fetching user 1 from db
[2025-12-24 10:01:35] [warning] User 1 not found in db
[2025-12-24 10:01:35] [info] Service: Fetched user 1
[2025-12-24 10:01:35] [info] Controller: GET /users/1 - 200
[2025-12-24 10:01:35] [info] Controller: POST /users - processing request
[2025-12-24 10:01:35] [info] Service: Creating user Valik age 92 money 45000 visa 1
[2025-12-24 10:01:35] [debug] Adding user Valik age 92 money 45000 visa 1 to db
[2025-12-24 10:01:35] [debug] User 1 added to db
[2025-12-24 10:01:35] [info] Service: Created user 1
[2025-12-24 10:01:35] [info] Controller: POST /users - 201
[2025-12-24 10:01:35] [info] Controller: PATCH /users/1 - processing request
[2025-12-24 10:01:35] [info] Service: Updating user 1 to name Oleg age 52 money 666 visa 
[2025-12-24 10:01:35] [debug] Update user 1 in db to name Oleg age 52 money 666 visa 
[2025-12-24 10:01:35] [debug] User 1 updated in db
[2025-12-24 10:01:35] [info] Service: Updated user 1
[2025-12-24 10:01:35] [info] Controller: PATCH /users/{id} - 200
[2025-12-24 10:01:35] [info] Controller: PATCH /users/1 - processing request
[2025-12-24 10:01:35] [info] Service: Updating user 1 to name Oleg age 52 money 666 visa 
[2025-12-24 10:01:35] [debug] Update user 1 in db to name Oleg age 52 money 666 visa 
[2025-12-24 10:01:35] [warning] User 1 not found in db
[2025-12-24 10:01:35] [info] Controller: PATCH /users/{id} - 404
[2025-12-24 10:01:35] [info] Controller: DELETE /users/1 - processing request
[2025-12-24 10:01:35] [info] Service: Deleting user 1
[2025-12-24 10:01:35] [debug] Deleting user 1 from db
[2025-12-24 10:01:35] [debug] Deleted user 1 from db
[2025-12-24 10:01:35] [info] Service Deleted user 1
[2025-12-24 10:01:35] [info] Controller: DELETE /users/{id} - 204
[2025-12-24 10:01:35] [info] Controller: DELETE /users/1 - processing request
[2025-12-24 10:01:35] [info] Service: Deleting user 1
[2025-12-24 10:01:35] [debug] Deleting user 1 from db
[2025-12-24 10:01:35] [warning] User 1 not found in db
[2025-12-24 10:01:35] [info] Controller: DELETE /users/{id} - 404
[2025-12-24 10:01:37] [info] Controller: GET /users - processing request
[2025-12-24 10:01:37] [info] Service: Fetching all users
[2025-12-24 10:01:37] [debug] Fetching all users from db
[2025-12-24 10:01:37] [debug] Fetched 0 users from db
[2025-12-24 10:01:37] [info] Service: Fetched 0 users
[2025-12-24 10:01:37] [info] Controller: GET /users - 200
[2025-12-24 10:01:39] [info] Controller: GET /users - processing request
[2025-12-24 10:01:39] [info] Service: Fetching all users
[2025-12-24 10:01:39] [debug] Fetching all users from db
[2025-12-24 10:01:39] [debug] Fetched 0 users from db
[2025-12-24 10:01:39] [info] Service: Fetched 0 users
[2025-12-24 10:01:39] [info] Controller: GET /users - 200
[2025-12-24 10:01:43] [info] Controller: GET /users - processing request
[2025-12-24 10:01:43] [info] Service: Fetching all users
[2025-12-24 10:01:43] [debug] Fetching all users from db
[2025-12-24 10:01:43] [debug] Fetched 2 users from db
[2025-12-24 10:01:43] [info] Service: Fetched 2 users
[2025-12-24 10:01:43] [info] Controller: GET /users - 200
[2025-12-24 10:01:44] [info] Controller: GET /users/1 - processing request
[2025-12-24 10:01:44] [info] Service: Fetching user 1
[2025-12-24 10:01:44] [debug] Fetching user 1 from db
[2025-12-24 10:01:44] [debug] User {id} fetched from db
[2025-12-24 10:01:44] [info] Service: Fetched user 1
[2025-12-24 10:01:44] [info] Controller: GET /users/1 - 200
[2025-12-24 10:01:44] [info] Controller: GET /users/1 - processing request
[2025-12-24 10:01:44] [info] Service: Fetching user 1
[2025-12-24 10:01:44] [debug] Fetching user 1 from db
[2025-12-24 10:01:44] [warning] User 1 not found in db
[2025-12-24 10:01:44] [info] Service: Fetched user 1
[2025-12-24 10:01:44] [info] Controller: GET /users/1 - 200
[2025-12-24 10:01:44] [info] Controller: POST /users - processing request
[2025-12-24 10:01:44] [info] Service: Creating user Valik age 92 money 45000 visa 1
[2025-12-24 10:01:44] [debug] Adding user Valik age 92 money 45000 visa 1 to db
[2025-12-24 10:01:44] [debug] User 1 added to db
[2025-12-24 10:01:44] [info] Service: Created user 1
[2025-12-24 10:01:44] [info] Controller: POST /users - 201
[2025-12-24 10:01:44] [info] Controller: PATCH /users/1 - processing request
[2025-12-24 10:01:44] [info] Service: Updating user 1 to name Oleg age 52 money 666 visa 
[2025-12-24 10:01:44] [debug] Update user 1 in db to name Oleg age 52 money 666 visa 
[2025-12-24 10:01:44] [debug] User 1 updated in db
[2025-12-24 10:01:44] [info] Service: Updated user 1
[2025-12-24 10:01:44] [info] Controller: PATCH /users/{id} - 200
[2025-12-24 10:01:44] [info] Controller: PATCH /users/1 - processing request
[2025-12-24 10:01:44] [info] Service: Updating user 1 to name Oleg age 52 money 666 visa 
[2025-12-24 10:01:44] [debug] Update user 1 in db to name Oleg age 52 money 666 visa 
[2025-12-24 10:01:44] [warning] User 1 not found in db
[2025-12-24 10:01:44] [info] Controller: PATCH /users/{id} - 404
[2025-12-24 10:01:44] [info] Controller: DELETE /users/1 - processing request
[2025-12-24 10:01:44] [info] Service: Deleting user 1
[2025-12-24 10:01:44] [debug] Deleting user 1 from db
[2025-12-24 10:01:44] [debug] Deleted user 1 from db
[2025-12-24 10:01:44] [info] Service Deleted user 1
[2025-12-24 10:01:44] [info] Controller: DELETE /users/{id} - 204
[2025-12-24 10:01:44] [info] Controller: DELETE /users/1 - processing request
[2025-12-24 10:01:44] [info] Service: Deleting user 1
[2025-12-24 10:01:44] [debug] Deleting user 1 from db
[2025-12-24 10:01:44] [warning] User 1 not found in db
[2025-12-24 10:01:44] [info] Controller: DELETE /users/{id} - 404
[2025-12-24 10:01:46] [info] Controller: GET /users - processing request
[2025-12-24 10:01:46] [info] Service: Fetching all users
[2025-12-24 10:01:46] [debug] Fetching all users from db
[2025-12-24 10:01:46] [debug] Fetched 0 users from db
[2025-12-24 10:01:46] [info] Service: Fetched 0 users
[2025-12-24 10:01:46] [info] Controller: GET /users - 200
[2025-12-24 10:01:47] [info] Controller: GET /users - processing request
[2025-12-24 10:01:47] [info] Service: Fetching all users
[2025-12-24 10:01:47] [debug] Fetching all users from db
[2025-12-24 10:01:47] [debug] Fetched 0 users from db
[2025-12-24 10:01:47] [info] Service: Fetched 0 users
[2025-12-24 10:01:47] [info] Controller: GET /users - 200
[2025-12-24 10:08:56] [info] Controller: GET /users - processing request
[2025-12-24 10:08:56] [info] Service: Fetching all users
[2025-12-24 10:08:56] [debug] Fetching all users from db
[2025-12-24 10:08:56] [debug] Fetched 4 users from db
[2025-12-24 10:08:56] [info] Service: Fetched 4 users
[2025-12-24 10:08:56] [info] Controller: GET /users - 200
[2025-12-24 10:09:04] [info] Controller: GET /users - processing request
[2025-12-24 10:09:04] [info] Service: Fetching all users
[2025-12-24 10:09:04] [debug] Fetching all users from db
[2025-12-24 10:09:04] [debug] Fetched 4 users from db
[2025-12-24 10:09:04] [info] Service: Fetched 4 users
[2025-12-24 10:09:04] [info] Controller: GET /users - 200
[2025-12-24 10:09:04] [info] Controller: GET /users/1 - processing request
[2025-12-24 10:09:04] [info] Service: Fetching user 1
[2025-12-24 10:09:04] [debug] Fetching user 1 from db
[2025-12-24 10:09:04] [warning] User 1 not found in db
[2025-12-24 10:09:04] [info] Service: Fetched user 1
[2025-12-24 10:09:04] [info] Controller: GET /users/1 - 200
[2025-12-24 10:09:04] [info] Controller: GET /users/1 - processing request
[2025-12-24 10:09:04] [info] Service: Fetching user 1
[2025-12-24 10:09:04] [debug] Fetching user 1 from db
[2025-12-24 10:09:04] [warning] User 1 not found in db
[2025-12-24 10:09:04] [info] Service: Fetched user 1
[2025-12-24 10:09:04] [info] Controller: GET /users/1 - 200
[2025-12-24 10:09:04] [info] Controller: POST /users - processing request
[2025-12-24 10:09:04] [info] Service: Creating user Valik age 92 money 45000 visa 1
[2025-12-24 10:09:04] [debug] Adding user Valik age 92 money 45000 visa 1 to db
[2025-12-24 10:09:04] [debug] User 17 added to db
[2025-12-24 10:09:04] [info] Service: Created user 17
[2025-12-24 10:09:04] [info] Controller: POST /users - 201
[2025-12-24 10:09:04] [info] Controller: PATCH /users/1 - processing request
[2025-12-24 10:09:04] [info] Service: Updating user 1 to name Oleg age 52 money 666 visa 
[2025-12-24 10:09:04] [debug] Update user 1 in db to name Oleg age 52 money 666 visa 
[2025-12-24 10:09:04] [warning] User 1 not found in db
[2025-12-24 10:09:04] [info] Controller: PATCH /users/{id} - 404
[2025-12-24 10:09:05] [info] Controller: PATCH /users/1 - processing request
[2025-12-24 10:09:05] [info] Service: Updating user 1 to name Oleg age 52 money 666 visa 
[2025-12-24 10:09:05] [debug] Update user 1 in db to name Oleg age 52 money 666 visa 
[2025-12-24 10:09:05] [warning] User 1 not found in db
[2025-12-24 10:09:05] [info] Controller: PATCH /users/{id} - 404
[2025-12-24 10:09:05] [info] Controller: DELETE /users/1 - processing request
[2025-12-24 10:09:05] [info] Service: Deleting user 1
[2025-12-24 10:09:05] [debug] Deleting user 1 from db
[2025-12-24 10:09:05] [warning] User 1 not found in db
[2025-12-24 10:09:05] [info] Controller: DELETE /users/{id} - 404
[2025-12-24 10:09:14] [info] Controller: GET /users - processing request
[2025-12-24 10:09:14] [info] Service: Fetching all users
[2025-12-24 10:09:14] [debug] Fetching all users from db
[2025-12-24 10:09:14] [debug] Fetched 5 users from db
[2025-12-24 10:09:14] [info] Service: Fetched 5 users
[2025-12-24 10:09:14] [info] Controller: GET /users - 200
[2025-12-24 10:09:15] [info] Controller: GET /users - processing request
[2025-12-24 10:09:15] [info] Service: Fetching all users
[2025-12-24 10:09:15] [debug] Fetching all users from db
[2025-12-24 10:09:15] [debug] Fetched 5 users from db
[2025-12-24 10:09:15] [info] Service: Fetched 5 users
[2025-12-24 10:09:15] [info] Controller: GET /users - 200
[2025-12-24 10:36:05] [info] Controller: GET /users - processing request
[2025-12-24 10:36:05] [info] Service: Fetching all users
[2025-12-24 10:36:05] [debug] Fetching all users from db
[2025-12-24 10:36:05] [debug] Fetched 5 users from db
[2025-12-24 10:36:05] [info] Service: Fetched 5 users
[2025-12-24 10:36:05] [info] Controller: GET /users - 200
[2025-12-24 10:36:05] [info] Controller: GET /users/1 - processing request
[2025-12-24 10:36:05] [info] Service: Fetching user 1
[2025-12-24 10:36:05] [debug] Fetching user 1 from db
[2025-12-24 10:36:05] [warning] User 1 not found in db
[2025-12-24 10:36:05] [info] Service: Fetched user 1
[2025-12-24 10:36:05] [info] Controller: GET /users/1 - 200
[2025-12-24 10:36:05] [info] Controller: GET /users/1 - processing request
[2025-12-24 10:36:05] [info] Service: Fetching user 1
[2025-12-24 10:36:05] [debug] Fetching user 1 from db
[2025-12-24 10:36:05] [warning] User 1 not found in db
[2025-12-24 10:36:05] [info] Service: Fetched user 1
[2025-12-24 10:36:05] [info] Controller: GET /users/1 - 200
[2025-12-24 10:36:05] [info] Controller: POST /users - processing request
[2025-12-24 10:36:05] [info] Service: Creating user Valik age 92 money 45000 visa 1
[2025-12-24 10:36:05] [debug] Adding user Valik age 92 money 45000 visa 1 to db
[2025-12-24 10:36:05] [debug] User 18 added to db
[2025-12-24 10:36:05] [info] Service: Created user 18
[2025-12-24 10:36:05] [info] Controller: POST /users - 201
[2025-12-24 10:36:05] [info] Controller: PATCH /users/1 - processing request
[2025-12-24 10:36:05] [info] Service: Updating user 1 to name Oleg age 52 money 666 visa 
[2025-12-24 10:36:05] [debug] Update user 1 in db to name Oleg age 52 money 666 visa 
[2025-12-24 10:36:05] [warning] User 1 not found in db
[2025-12-24 10:36:05] [info] Controller: PATCH /users/{id} - 404
[2025-12-24 10:36:06] [info] Controller: PATCH /users/1 - processing request
[2025-12-24 10:36:06] [info] Service: Updating user 1 to name Oleg age 52 money 666 visa 
[2025-12-24 10:36:06] [debug] Update user 1 in db to name Oleg age 52 money 666 visa 
[2025-12-24 10:36:06] [warning] User 1 not found in db
[2025-12-24 10:36:06] [info] Controller: PATCH /users/{id} - 404
[2025-12-24 10:36:06] [info] Controller: DELETE /users/1 - processing request
[2025-12-24 10:36:06] [info] Service: Deleting user 1
[2025-12-24 10:36:06] [debug] Deleting user 1 from db
[2025-12-24 10:36:06] [warning] User 1 not found in db
[2025-12-24 10:36:06] [info] Controller: DELETE /users/{id} - 404
[2025-12-24 10:40:12] [info] Controller: GET /users - processing request
[2025-12-24 10:40:12] [info] Service: Fetching all users
[2025-12-24 10:40:12] [debug] Fetching all users from db
[2025-12-24 10:40:12] [debug] Fetched 6 users from db
[2025-12-24 10:40:12] [info] Service: Fetched 6 users
[2025-12-24 10:40:12] [info] Controller: GET /users - 200
[2025-12-24 10:40:19] [info] Controller: GET /users - processing request
[2025-12-24 10:40:19] [info] Service: Fetching all users
[2025-12-24 10:40:19] [debug] Fetching all users from db
[2025-12-24 10:40:19] [debug] Fetched 2 users from db
[2025-12-24 10:40:19] [info] Service: Fetched 2 users
[2025-12-24 10:40:19] [info] Controller: GET /users - 200
[2025-12-24 10:40:19] [info] Controller: GET /users/1 - processing request
[2025-12-24 10:40:19] [info] Service: Fetching user 1
[2025-12-24 10:40:19] [debug] Fetching user 1 from db
[2025-12-24 10:40:19] [debug] User {id} fetched from db
[2025-12-24 10:40:19] [info] Service: Fetched user 1
[2025-12-24 10:40:19] [info] Controller: GET /users/1 - 200
[2025-12-24 10:40:19] [info] Controller: GET /users/1 - processing request
[2025-12-24 10:40:19] [info] Service: Fetching user 1
[2025-12-24 10:40:19] [debug] Fetching user 1 from db
[2025-12-24 10:40:19] [warning] User 1 not found in db
[2025-12-24 10:40:19] [info] Service: Fetched user 1
[2025-12-24 10:40:19] [info] Controller: GET /users/1 - 200
[2025-12-24 10:40:19] [info] Controller: POST /users - processing request
[2025-12-24 10:40:19] [info] Service: Creating user Valik age 92 money 45000 visa 1
[2025-12-24 10:40:19] [debug] Adding user Valik age 92 money 45000 visa 1 to db
[2025-12-24 10:40:19] [debug] User 1 added to db
[2025-12-24 10:40:19] [info] Service: Created user 1
[2025-12-24 10:40:19] [info] Controller: POST /users - 201
[2025-12-24 10:40:19] [info] Controller: PATCH /users/1 - processing request
[2025-12-24 10:40:19] [info] Service: Updating user 1 to name Oleg age 52 money 666 visa 
[2025-12-24 10:40:19] [debug] Update user 1 in db to name Oleg age 52 money 666 visa 
[2025-12-24 10:40:19] [debug] User 1 updated in db
[2025-12-24 10:40:19] [info] Service: Updated user 1
[2025-12-24 10:40:19] [info] Controller: PATCH /users/{id} - 200
[2025-12-24 10:40:20] [info] Controller: PATCH /users/1 - processing request
[2025-12-24 10:40:20] [info] Service: Updating user 1 to name Oleg age 52 money 666 visa 
[2025-12-24 10:40:20] [debug] Update user 1 in db to name Oleg age 52 money 666 visa 
[2025-12-24 10:40:20] [warning] User 1 not found in db
[2025-12-24 10:40:20] [info] Controller: PATCH /users/{id} - 404
[2025-12-24 10:40:20] [info] Controller: DELETE /users/1 - processing request
[2025-12-24 10:40:20] [info] Service: Deleting user 1
[2025-12-24 10:40:20] [debug] Deleting user 1 from db
[2025-12-24 10:40:20] [debug] Deleted user 1 from db
[2025-12-24 10:40:20] [info] Service Deleted user 1
[2025-12-24 10:40:20] [info] Controller: DELETE /users/{id} - 204
[2025-12-24 10:40:20] [info] Controller: DELETE /users/1 - processing request
[2025-12-24 10:40:20] [info] Service: Deleting user 1
[2025-12-24 10:40:20] [debug] Deleting user 1 from db
[2025-12-24 10:40:20] [warning] User 1 not found in db
[2025-12-24 10:40:20] [info] Controller: DELETE /users/{id} - 404
[2025-12-24 10:40:23] [info] Controller: GET /users - processing request
[2025-12-24 10:40:23] [info] Service: Fetching all users
[2025-12-24 10:40:23] [debug] Fetching all users from db
[2025-12-24 10:40:23] [debug] Fetched 6 users from db
[2025-12-24 10:40:23] [info] Service: Fetched 6 users
[2025-12-24 10:40:23] [info] Controller: GET /users - 200
[2025-12-24 11:00:20] [info] Controller: GET /users - processing request
[2025-12-24 11:00:20] [info] Service: Fetching all users
[2025-12-24 11:00:20] [debug] Fetching all users from db
[2025-12-24 11:00:20] [debug] Fetched 6 users from db
[2025-12-24 11:00:20] [info] Service: Fetched 6 users
[2025-12-24 11:00:20] [info] Controller: GET /users - 200
[2025-12-24 11:00:27] [info] Controller: GET /users - processing request
[2025-12-24 11:00:27] [info] Service: Fetching all users
[2025-12-24 11:00:27] [debug] Fetching all users from db
[2025-12-24 11:00:27] [debug] Fetched 2 users from db
[2025-12-24 11:00:27] [info] Service: Fetched 2 users
[2025-12-24 11:00:27] [info] Controller: GET /users - 200
[2025-12-24 11:00:27] [info] Controller: GET /users/1 - processing request
[2025-12-24 11:00:27] [info] Service: Fetching user 1
[2025-12-24 11:00:27] [debug] Fetching user 1 from db
[2025-12-24 11:00:27] [debug] User {id} fetched from db
[2025-12-24 11:00:27] [info] Service: Fetched user 1
[2025-12-24 11:00:27] [info] Controller: GET /users/1 - 200
[2025-12-24 11:00:27] [info] Controller: GET /users/1 - processing request
[2025-12-24 11:00:27] [info] Service: Fetching user 1
[2025-12-24 11:00:27] [debug] Fetching user 1 from db
[2025-12-24 11:00:27] [warning] User 1 not found in db
[2025-12-24 11:00:27] [info] Service: Fetched user 1
[2025-12-24 11:00:27] [info] Controller: GET /users/1 - 200
[2025-12-24 11:00:27] [info] Controller: POST /users - processing request
[2025-12-24 11:00:27] [info] Service: Creating user Valik age 92 money 45000 visa 1
[2025-12-24 11:00:27] [debug] Adding user Valik age 92 money 45000 visa 1 to db
[2025-12-24 11:00:27] [debug] User 1 added to db
[2025-12-24 11:00:27] [info] Service: Created user 1
[2025-12-24 11:00:27] [info] Controller: POST /users - 201
[2025-12-24 11:00:28] [info] Controller: PATCH /users/1 - processing request
[2025-12-24 11:00:28] [info] Service: Updating user 1 to name Oleg age 52 money 666 visa 
[2025-12-24 11:00:28] [debug] Update user 1 in db to name Oleg age 52 money 666 visa 
[2025-12-24 11:00:28] [debug] User 1 updated in db
[2025-12-24 11:00:28] [info] Service: Updated user 1
[2025-12-24 11:00:28] [info] Controller: PATCH /users/{id} - 200
[2025-12-24 11:00:28] [info] Controller: PATCH /users/1 - processing request
[2025-12-24 11:00:28] [info] Service: Updating user 1 to name Oleg age 52 money 666 visa 
[2025-12-24 11:00:28] [debug] Update user 1 in db to name Oleg age 52 money 666 visa 
[2025-12-24 11:00:28] [warning] User 1 not found in db
[2025-12-24 11:00:28] [info] Controller: PATCH /users/{id} - 404
[2025-12-24 11:00:28] [info] Controller: DELETE /users/1 - processing request
[2025-12-24 11:00:28] [info] Service: Deleting user 1
[2025-12-24 11:00:28] [debug] Deleting user 1 from db
[2025-12-24 11:00:28] [debug] Deleted user 1 from db
[2025-12-24 11:00:28] [info] Service Deleted user 1
[2025-12-24 11:00:28] [info] Controller: DELETE /users/{id} - 204
[2025-12-24 11:00:28] [info] Controller: DELETE /users/1 - processing request
[2025-12-24 11:00:28] [info] Service: Deleting user 1
[2025-12-24 11:00:28] [debug] Deleting user 1 from db
[2025-12-24 11:00:28] [warning] User 1 not found in db
[2025-12-24 11:00:28] [info] Controller: DELETE /users/{id} - 404
[2025-12-24 11:00:35] [debug] Fetching all users from db
[2025-12-24 11:00:35] [debug] Fetched 0 users from db
[2025-12-24 11:00:35] [debug] Adding user Valik age 92 money 45000 visa 1 to db
[2025-12-24 11:00:35] [debug] User 1 added to db
[2025-12-24 11:00:35] [debug] Adding user Seriy age 54 money 3400 visa  to db
[2025-12-24 11:00:35] [debug] User 2 added to db
[2025-12-24 11:00:35] [debug] Fetching all users from db
[2025-12-24 11:00:35] [debug] Fetched 2 users from db
[2025-12-24 11:00:35] [debug] Fetching user 1 from db
[2025-12-24 11:00:35] [debug] User {id} fetched from db
[2025-12-24 11:00:35] [debug] Fetching user 1 from db
[2025-12-24 11:00:35] [debug] User {id} fetched from db
[2025-12-24 11:00:35] [debug] Fetching user 1 from db
[2025-12-24 11:00:35] [debug] User {id} fetched from db
[2025-12-24 11:00:35] [debug] Fetching all users from db
[2025-12-24 11:00:35] [debug] Fetched 0 users from db
[2025-12-24 11:00:35] [debug] Fetching user 1 from db
[2025-12-24 11:00:35] [warning] User 1 not found in db
[2025-12-24 11:00:35] [debug] Fetching all users from db
[2025-12-24 11:00:35] [debug] Fetched 0 users from db
[2025-12-24 11:00:35] [debug] Adding user Nikolay age 55 money 23000 visa 1 to db
[2025-12-24 11:00:35] [debug] User 1 added to db
[2025-12-24 11:00:35] [debug] Fetching user 1 from db
[2025-12-24 11:00:35] [debug] User {id} fetched from db
[2025-12-24 11:00:35] [debug] Fetching user 1 from db
[2025-12-24 11:00:35] [debug] User {id} fetched from db
[2025-12-24 11:00:35] [debug] Fetching user 1 from db
[2025-12-24 11:00:35] [debug] User {id} fetched from db
[2025-12-24 11:00:35] [debug] Fetching all users from db
[2025-12-24 11:00:35] [debug] Fetched 0 users from db
[2025-12-24 11:00:35] [debug] Adding user Valik age 92 money 45000 visa 1 to db
[2025-12-24 11:00:35] [debug] User 1 added to db
[2025-12-24 11:00:35] [debug] Adding user Seriy age 54 money 3400 visa  to db
[2025-12-24 11:00:35] [debug] User 2 added to db
[2025-12-24 11:00:36] [debug] Update user 2 in db to name Sergey age 33 money 6600 visa 1
[2025-12-24 11:00:36] [debug] User 2 updated in db
[2025-12-24 11:00:36] [debug] Fetching user 2 from db
[2025-12-24 11:00:36] [debug] User {id} fetched from db
[2025-12-24 11:00:36] [debug] Fetching user 2 from db
[2025-12-24 11:00:36] [debug] User {id} fetched from db
[2025-12-24 11:00:36] [debug] Fetching user 2 from db
[2025-12-24 11:00:36] [debug] User {id} fetched from db
[2025-12-24 11:00:36] [debug] Fetching all users from db
[2025-12-24 11:00:36] [debug] Fetched 0 users from db
[2025-12-24 11:00:36] [debug] Update user 2 in db to name Sergey age 33 money 6600 visa 1
[2025-12-24 11:00:36] [warning] User 2 not found in db
[2025-12-24 11:00:36] [debug] Fetching all users from db
[2025-12-24 11:00:36] [debug] Fetched 0 users from db
[2025-12-24 11:00:36] [debug] Adding user Valik age 92 money 45000 visa 1 to db
[2025-12-24 11:00:36] [debug] User 1 added to db
[2025-12-24 11:00:36] [debug] Adding user Seriy age 54 money 3400 visa  to db
[2025-12-24 11:00:36] [debug] User 2 added to db
[2025-12-24 11:00:36] [debug] Deleting user 2 from db
[2025-12-24 11:00:36] [debug] Deleted user 2 from db
[2025-12-24 11:00:36] [debug] Fetching user 2 from db
[2025-12-24 11:00:36] [warning] User 2 not found in db
[2025-12-24 11:00:36] [debug] Fetching all users from db
[2025-12-24 11:00:36] [debug] Fetched 0 users from db
[2025-12-24 11:00:36] [debug] Deleting user 2 from db
[2025-12-24 11:00:36] [warning] User 2 not found in db
[2025-12-24 11:00:36] [debug] Fetching all users from db
[2025-12-24 11:00:36] [debug] Fetched 0 users from db
[2025-12-24 11:00:36] [debug] Adding user Nikolay age 55 money 23000 visa 1 to db
[2025-12-24 11:00:36] [debug] User 1 added to db
[2025-12-24 11:01:54] [info] Controller: GET /users - processing request
[2025-12-24 11:01:54] [info] Service: Fetching all users
[2025-12-24 11:01:54] [debug] Fetching all users from db
[2025-12-24 11:01:54] [debug] Fetched 3 users from db
[2025-12-24 11:01:54] [info] Service: Fetched 3 users
[2025-12-24 11:01:54] [info] Controller: GET /users - 200
[2025-12-24 11:01:57] [info] Controller: GET /users/1 - processing request
[2025-12-24 11:01:57] [info] Service: Fetching user 1
[2025-12-24 11:01:57] [debug] Fetching user 1 from db
[2025-12-24 11:01:57] [warning] User 1 not found in db
[2025-12-24 11:01:57] [info] Service: Fetched user 1
[2025-12-24 11:01:57] [info] Controller: GET /users/1 - 200
[2025-12-24 11:02:02] [info] Controller: GET /users - processing request
[2025-12-24 11:02:02] [info] Service: Fetching all users
[2025-12-24 11:02:02] [debug] Fetching all users from db
[2025-12-24 11:02:02] [debug] Fetched 3 users from db
[2025-12-24 11:02:02] [info] Service: Fetched 3 users
[2025-12-24 11:02:02] [info] Controller: GET /users - 200
[2025-12-24 11:02:05] [info] Controller: GET /users - processing request
[2025-12-24 11:02:05] [info] Service: Fetching all users
[2025-12-24 11:02:05] [debug] Fetching all users from db
[2025-12-24 11:02:05] [debug] Fetched 3 users from db
[2025-12-24 11:02:05] [info] Service: Fetched 3 users
[2025-12-24 11:02:05] [info] Controller: GET /users - 200
[2025-12-24 11:02:20] [info] Controller: GET /users/1 - processing request
[2025-12-24 11:02:20] [info] Service: Fetching user 1
[2025-12-24 11:02:20] [debug] Fetching user 1 from db
[2025-12-24 11:02:20] [warning] User 1 not found in db
[2025-12-24 11:02:20] [info] Service: Fetched user 1
[2025-12-24 11:02:20] [info] Controller: GET /users/1 - 200
[2025-12-24 11:02:21] [info] Controller: GET /users/19 - processing request
[2025-12-24 11:02:21] [info] Service: Fetching user 19
[2025-12-24 11:02:21] [debug] Fetching user 19 from db
[2025-12-24 11:02:21] [debug] User {id} fetched from db
[2025-12-24 11:02:21] [info] Service: Fetched user 19
[2025-12-24 11:02:21] [info] Controller: GET /users/19 - 200
[2025-12-24 11:02:49] [info] Controller: GET /users/19 - processing request
[2025-12-24 11:02:49] [info] Service: Fetching user 19
[2025-12-24 11:02:49] [debug] Fetching user 19 from db
[2025-12-24 11:02:49] [debug] User {id} fetched from db
[2025-12-24 11:02:49] [info] Service: Fetched user 19
[2025-12-24 11:02:49] [info] Controller: GET /users/19 - 200
[2025-12-24 11:02:57] [info] Controller: GET /users/1 - processing request
[2025-12-24 11:02:57] [info] Service: Fetching user 1
[2025-12-24 11:02:57] [debug] Fetching user 1 from db
[2025-12-24 11:02:57] [warning] User 1 not found in db
[2025-12-24 11:02:57] [info] Service: Fetched user 1
[2025-12-24 11:02:57] [info] Controller: GET /users/1 - 200
[2025-12-24 11:02:58] [info] Controller: GET /users - processing request
[2025-12-24 11:02:58] [info] Service: Fetching all users
[2025-12-24 11:02:58] [debug] Fetching all users from db
[2025-12-24 11:02:58] [debug] Fetched 3 users from db
[2025-12-24 11:02:58] [info] Service: Fetched 3 users
[2025-12-24 11:02:58] [info] Controller: GET /users - 200
[2025-12-24 11:03:25] [info] Controller: GET /users - processing request
[2025-12-24 11:03:25] [info] Service: Fetching all users
[2025-12-24 11:03:25] [debug] Fetching all users from db
[2025-12-24 11:03:25] [debug] Fetched 3 users from db
[2025-12-24 11:03:25] [info] Service: Fetched 3 users
[2025-12-24 11:03:25] [info] Controller: GET /users - 200
[2025-12-24 11:05:30] [info] Controller: GET /users - processing request
[2025-12-24 11:05:30] [info] Service: Fetching all users
[2025-12-24 11:05:30] [debug] Fetching all users from db
[2025-12-24 11:05:30] [debug] Fetched 3 users from db
[2025-12-24 11:05:30] [info] Service: Fetched 3 users
[2025-12-24 11:05:30] [info] Controller: GET /users - 200
[2025-12-24 11:05:33] [info] Controller: GET /users/2 - processing request
[2025-12-24 11:05:33] [info] Service: Fetching user 2
[2025-12-24 11:05:33] [debug] Fetching user 2 from db
[2025-12-24 11:05:33] [warning] User 2 not found in db
[2025-12-24 11:05:33] [info] Service: Fetched user 2
[2025-12-24 11:05:33] [info] Controller: GET /users/2 - 200
[2025-12-24 11:05:34] [info] Controller: GET /users/21 - processing request
[2025-12-24 11:05:34] [info] Service: Fetching user 21
[2025-12-24 11:05:34] [debug] Fetching user 21 from db
[2025-12-24 11:05:34] [debug] User {id} fetched from db
[2025-12-24 11:05:34] [info] Service: Fetched user 21
[2025-12-24 11:05:34] [info] Controller: GET /users/21 - 200
[2025-12-24 11:06:26] [info] Controller: GET /users/21 - processing request
[2025-12-24 11:06:26] [info] Service: Fetching user 21
[2025-12-24 11:06:26] [debug] Fetching user 21 from db
[2025-12-24 11:06:26] [debug] User {id} fetched from db
[2025-12-24 11:06:26] [info] Service: Fetched user 21
[2025-12-24 11:06:26] [info] Controller: GET /users/21 - 200
[2025-12-24 11:06:27] [info] Controller: GET /users/21 - processing request
[2025-12-24 11:06:27] [info] Service: Fetching user 21
[2025-12-24 11:06:27] [debug] Fetching user 21 from db
[2025-12-24 11:06:27] [debug] User {id} fetched from db
[2025-12-24 11:06:27] [info] Service: Fetched user 21
[2025-12-24 11:06:27] [info] Controller: GET /users/21 - 200
[2025-12-24 11:06:29] [info] Controller: GET /users - processing request
[2025-12-24 11:06:29] [info] Service: Fetching all users
[2025-12-24 11:06:29] [debug] Fetching all users from db
[2025-12-24 11:06:29] [debug] Fetched 3 users from db
[2025-12-24 11:06:29] [info] Service: Fetched 3 users
[2025-12-24 11:06:29] [info] Controller: GET /users - 200
[2025-12-24 11:06:47] [info] Controller: GET /users - processing request
[2025-12-24 11:06:47] [info] Service: Fetching all users
[2025-12-24 11:06:47] [debug] Fetching all users from db
[2025-12-24 11:06:47] [debug] Fetched 3 users from db
[2025-12-24 11:06:47] [info] Service: Fetched 3 users
[2025-12-24 11:06:47] [info] Controller: GET /users - 200
[2025-12-24 11:06:48] [info] Controller: GET /users - processing request
[2025-12-24 11:06:48] [info] Service: Fetching all users
[2025-12-24 11:06:48] [debug] Fetching all users from db
[2025-12-24 11:06:48] [debug] Fetched 3 users from db
[2025-12-24 11:06:48] [info] Service: Fetched 3 users
[2025-12-24 11:06:48] [info] Controller: GET /users - 200
[2025-12-24 11:08:35] [info] Service: Fetching all users
[2025-12-24 11:08:35] [debug] Fetching all users from db
[2025-12-24 11:08:35] [debug] Fetched 3 users from db
[2025-12-24 11:08:35] [info] Service: Fetched 3 users
[2025-12-24 11:09:31] [info] Service: Fetching all users
[2025-12-24 11:09:31] [debug] Fetching all users from db
[2025-12-24 11:09:31] [debug] Fetched 3 users from db
[2025-12-24 11:09:31] [info] Service: Fetched 3 users
[2025-12-24 11:09:32] [info] Service: Fetching all users
[2025-12-24 11:09:32] [debug] Fetching all users from db
[2025-12-24 11:09:32] [debug] Fetched 3 users from db
[2025-12-24 11:09:32] [info] Service: Fetched 3 users
[2025-12-24 11:09:50] [info] Controller: GET /users - processing request
[2025-12-24 11:09:50] [info] Service: Fetching all users
[2025-12-24 11:09:50] [debug] Fetching all users from db
[2025-12-24 11:09:50] [debug] Fetched 3 users from db
[2025-12-24 11:09:50] [info] Service: Fetched 3 users
[2025-12-24 11:09:50] [info] Controller: GET /users - 200
[2025-12-24 11:10:52] [info] Controller: GET /users - processing request
[2025-12-24 11:10:52] [info] Service: Fetching all users
[2025-12-24 11:10:52] [debug] Fetching all users from db
[2025-12-24 11:10:52] [debug] Fetched 3 users from db
[2025-12-24 11:10:52] [info] Service: Fetched 3 users
[2025-12-24 11:10:52] [info] Controller: GET /users - 200
